v, -34.963, 0, 37.9259, 0, -1, 0, 1, -0, 0
v, -34.963, 0, -37.9259, 0, -1, 0, 1, -1, 0
v, 34.963, 0, -37.9259, 0, -1, 0, 0, -1, 0
v, 34.963, 0, -37.9259, 0, -1, 0, 0, -1, 0
v, 34.963, 0, 37.9259, 0, -1, 0, 0, -0, 0
v, -34.963, 0, 37.9259, 0, -1, 0, 1, -0, 0
v, -34.963, 64, 37.9259, 0, 1, 0, 0, -0, 0
v, 34.963, 64, 37.9259, 0, 1, 0, 1, -0, 0
v, 34.963, 64, -37.9259, 0, 1, 0, 1, -1, 0
v, 34.963, 64, -37.9259, 0, 1, 0, 1, -1, 0
v, -34.963, 64, -37.9259, 0, 1, 0, 0, -1, 0
v, -34.963, 64, 37.9259, 0, 1, 0, 0, -0, 0
v, -34.963, 0, 37.9259, 0, 0, 1, 0, -0, 0
v, 34.963, 0, 37.9259, 0, 0, 1, 1, -0, 0
v, 34.963, 64, 37.9259, 0, 0, 1, 1, -1, 0
v, 34.963, 64, 37.9259, 0, 0, 1, 1, -1, 0
v, -34.963, 64, 37.9259, 0, 0, 1, 0, -1, 0
v, -34.963, 0, 37.9259, 0, 0, 1, 0, -0, 0
v, 34.963, 0, 37.9259, 1, 0, 0, 0, -0, 0
v, 34.963, 0, -37.9259, 1, 0, 0, 1, -0, 0
v, 34.963, 64, -37.9259, 1, 0, 0, 1, -1, 0
v, 34.963, 64, -37.9259, 1, 0, 0, 1, -1, 0
v, 34.963, 64, 37.9259, 1, 0, 0, 0, -1, 0
v, 34.963, 0, 37.9259, 1, 0, 0, 0, -0, 0
v, 34.963, 0, -37.9259, 0, 0, -1, 0, -0, 0
v, -34.963, 0, -37.9259, 0, 0, -1, 1, -0, 0
v, -34.963, 64, -37.9259, 0, 0, -1, 1, -1, 0
v, -34.963, 64, -37.9259, 0, 0, -1, 1, -1, 0
v, 34.963, 64, -37.9259, 0, 0, -1, 0, -1, 0
v, 34.963, 0, -37.9259, 0, 0, -1, 0, -0, 0
v, -34.963, 0, -37.9259, -1, 0, 0, 0, -0, 0
v, -34.963, 0, 37.9259, -1, 0, 0, 1, -0, 0
v, -34.963, 64, 37.9259, -1, 0, 0, 1, -1, 0
v, -34.963, 64, 37.9259, -1, 0, 0, 1, -1, 0
v, -34.963, 64, -37.9259, -1, 0, 0, 0, -1, 0
v, -34.963, 0, -37.9259, -1, 0, 0, 0, -0, 0
t, 0, -1, 1, 0, -0, 0, 1, -0, -0, -0, 1, 1.18518, 0, 7.11111
t, 0, -1, 0.99765, 0, -0, 0, 0.99765, -0, -0, -0, 0.99765, 1.18518, 0, 7.11111
t, 0, -1, 0.990815, 0, -0, 0, 0.990815, -0, -0, -0, 0.990815, 1.18518, 0, 7.11111
t, 0, -1, 0.979814, 0, -0, 0, 0.979814, -0, -0, -0, 0.979814, 1.18518, 0, 7.11111
t, 0, -1, 0.964969, 0, -0, 0, 0.964969, -0, -0, -0, 0.964969, 1.18518, 0, 7.11111
t, 0, -1, 0.946598, 0, -0, 0, 0.946598, -0, -0, -0, 0.946598, 1.18518, 0, 7.11111
t, 0, -1, 0.925024, 0, -0, 0, 0.925024, -0, -0, -0, 0.925024, 1.18518, 0, 7.11111
t, 0, -1, 0.900566, 0, -0, 0, 0.900566, -0, -0, -0, 0.900566, 1.18518, 0, 7.11111
t, 0, -1, 0.873545, 0, -0, 0, 0.873545, -0, -0, -0, 0.873545, 1.18518, 0, 7.11111
t, 0, -1, 0.844281, 0, -0, 0, 0.844281, -0, -0, -0, 0.844281, 1.18518, 0, 7.11111
t, 0, -1, 0.813094, 0, -0, 0, 0.813094, -0, -0, -0, 0.813094, 1.18518, 0, 7.11111
t, 0, -1, 0.780306, 0, -0, 0, 0.780306, -0, -0, -0, 0.780306, 1.18518, 0, 7.11111
t, 0, -1, 0.746235, 0, -0, 0, 0.746235, -0, -0, -0, 0.746235, 1.18518, 0, 7.11111
t, 0, -1, 0.711204, 0, -0, 0, 0.711204, -0, -0, -0, 0.711204, 1.18518, 0, 7.11111
t, 0, -1, 0.675532, 0, -0, 0, 0.675532, -0, -0, -0, 0.675532, 1.18518, 0, 7.11111
t, 0, -1, 0.639539, 0, -0, 0, 0.639539, -0, -0, -0, 0.639539, 1.18518, 0, 7.11111
t, 0, -1, 0.603546, 0, -0, 0, 0.603546, -0, -0, -0, 0.603546, 1.18518, 0, 7.11111
t, 0, -1, 0.567874, 0, -0, 0, 0.567874, -0, -0, -0, 0.567874, 1.18518, 0, 7.11111
t, 0, -1, 0.532843, 0, -0, 0, 0.532843, -0, -0, -0, 0.532843, 1.18518, 0, 7.11111
t, 0, -1, 0.498772, 0, -0, 0, 0.498772, -0, -0, -0, 0.498772, 1.18518, 0, 7.11111
t, 0, -1, 0.465984, 0, -0, 0, 0.465984, -0, -0, -0, 0.465984, 1.18518, 0, 7.11111
t, 0, -1, 0.434797, 0, -0, 0, 0.434797, -0, -0, -0, 0.434797, 1.18518, 0, 7.11111
t, 0, -1, 0.405533, 0, -0, 0, 0.405533, -0, -0, -0, 0.405533, 1.18518, 0, 7.11111
t, 0, -1, 0.378512, 0, -0, 0, 0.378512, -0, -0, -0, 0.378512, 1.18518, 0, 7.11111
t, 0, -1, 0.354054, 0, -0, 0, 0.354054, -0, -0, -0, 0.354054, 1.18518, 0, 7.11111
t, 0, -1, 0.33248, 0, -0, 0, 0.33248, -0, -0, -0, 0.33248, 1.18518, 0, 7.11111
t, 0, -1, 0.31411, 0, -0, 0, 0.31411, -0, -0, -0, 0.31411, 1.18518, 0, 7.11111
t, 0, -1, 0.299264, 0, -0, 0, 0.299264, -0, -0, -0, 0.299264, 1.18518, 0, 7.11111
t, 0, -1, 0.288263, 0, -0, 0, 0.288263, -0, -0, -0, 0.288263, 1.18518, 0, 7.11111
t, 0, -1, 0.281428, 0, -0, 0, 0.281428, -0, -0, -0, 0.281428, 1.18518, 0, 7.11111
t, 0, -1, 0.279078, 0, -0, 0, 0.279078, -0, -0, -0, 0.279078, 1.18518, 0, 7.11111
t, 0, -1, 0.279078, 0, -0, 0, 0.280912, -0, -0, -0, 0.280912, 1.18518, 0, 7.11111
t, 0, -1, 0.279078, 0, -0, 0, 0.286248, -0, -0, -0, 0.286248, 1.18518, 0, 7.11111
t, 0, -1, 0.279078, 0, -0, 0, 0.294834, -0, -0, -0, 0.294834, 1.18518, 0, 7.11111
t, 0, -1, 0.279078, 0, -0, 0, 0.306422, -0, -0, -0, 0.306422, 1.18518, 0, 7.11111
t, 0, -1, 0.279078, 0, -0, 0, 0.320762, -0, -0, -0, 0.320762, 1.18518, 0, 7.11111
t, 0, -1, 0.279078, 0, -0, 0, 0.337602, -0, -0, -0, 0.337602, 1.18518, 0, 7.11111
t, 0, -1, 0.279078, 0, -0, 0, 0.356692, -0, -0, -0, 0.356692, 1.18518, 0, 7.11111
t, 0, -1, 0.279078, 0, -0, 0, 0.377784, -0, -0, -0, 0.377784, 1.18518, 0, 7.11111
t, 0, -1, 0.279078, 0, -0, 0, 0.400627, -0, -0, -0, 0.400627, 1.18518, 0, 7.11111
t, 0, -1, 0.279078, 0, -0, 0, 0.42497, -0, -0, -0, 0.42497, 1.18518, 0, 7.11111
t, 0, -1, 0.279078, 0, -0, 0, 0.450563, -0, -0, -0, 0.450563, 1.18518, 0, 7.11111
t, 0, -1, 0.279078, 0, -0, 0, 0.477157, -0, -0, -0, 0.477157, 1.18518, 0, 7.11111
t, 0, -1, 0.279078, 0, -0, 0, 0.504501, -0, -0, -0, 0.504501, 1.18518, 0, 7.11111
t, 0, -1, 0.279078, 0, -0, 0, 0.532346, -0, -0, -0, 0.532346, 1.18518, 0, 7.11111
t, 0, -1, 0.279078, 0, -0, 0, 0.56044, -0, -0, -0, 0.56044, 1.18518, 0, 7.11111
t, 0, -1, 0.279078, 0, -0, 0, 0.588535, -0, -0, -0, 0.588535, 1.18518, 0, 7.11111
t, 0, -1, 0.279078, 0, -0, 0, 0.616379, -0, -0, -0, 0.616379, 1.18518, 0, 7.11111
t, 0, -1, 0.279078, 0, -0, 0, 0.643723, -0, -0, -0, 0.643723, 1.18518, 0, 7.11111
t, 0, -1, 0.279078, 0, -0, 0, 0.670317, -0, -0, -0, 0.670317, 1.18518, 0, 7.11111
t, 0, -1, 0.279078, 0, -0, 0, 0.695911, -0, -0, -0, 0.695911, 1.18518, 0, 7.11111
t, 0, -1, 0.279078, 0, -0, 0, 0.720254, -0, -0, -0, 0.720254, 1.18518, 0, 7.11111
t, 0, -1, 0.279078, 0, -0, 0, 0.743096, -0, -0, -0, 0.743096, 1.18518, 0, 7.11111
t, 0, -1, 0.279078, 0, -0, 0, 0.764188, -0, -0, -0, 0.764188, 1.18518, 0, 7.11111
t, 0, -1, 0.279078, 0, -0, 0, 0.783279, -0, -0, -0, 0.783279, 1.18518, 0, 7.11111
t, 0, -1, 0.279078, 0, -0, 0, 0.800119, -0, -0, -0, 0.800119, 1.18518, 0, 7.11111
t, 0, -1, 0.279078, 0, -0, 0, 0.814458, -0, -0, -0, 0.814458, 1.18518, 0, 7.11111
t, 0, -1, 0.279078, 0, -0, 0, 0.826046, -0, -0, -0, 0.826046, 1.18518, 0, 7.11111
t, 0, -1, 0.279078, 0, -0, 0, 0.834633, -0, -0, -0, 0.834633, 1.18518, 0, 7.11111
t, 0, -1, 0.279078, 0, -0, 0, 0.839968, -0, -0, -0, 0.839968, 1.18518, 0, 7.11111
t, 0, -1, 0.279078, 0, -0, 0, 0.841802, -0, -0, -0, 0.841802, 1.18518, 0, 7.11111
t, 0, -1, 0.279078, 0, -0, 0, 0.841802, -0, -0, -0, 0.841802, 1.18518, 0, 7.11111
t, 0, -1, 0.279078, 0, -0, 0, 0.841802, -0, -0, -0, 0.841802, 1.18518, 0, 7.11111
t, 0, -1, 0.279078, 0, -0, 0, 0.841802, -0, -0, -0, 0.841802, 1.18518, 0, 7.11111
t, 0, -1, 0.279078, 0, -0, 0, 0.841802, -0, -0, -0, 0.841802, 1.18518, 0, 7.11111
t, 0, -1, 0.279078, 0, -0, 0, 0.841802, -0, -0, -0, 0.841802, 1.18518, 0, 7.11111
t, 0, -1, 0.279078, 0, -0, 0, 0.841802, -0, -0, -0, 0.841802, 1.18518, 0, 7.11111
t, 0, -1, 0.279078, 0, -0, 0, 0.841802, -0, -0, -0, 0.841802, 1.18518, 0, 7.11111
t, 0, -1, 0.279078, 0, -0, 0, 0.841802, -0, -0, -0, 0.841802, 1.18518, 0, 7.11111
t, 0, -1, 0.279078, 0, -0, 0, 0.841802, -0, -0, -0, 0.841802, 1.18518, 0, 7.11111
t, 0, -1, 0.279078, 0, -0, 0, 0.841802, -0, -0, -0, 0.841802, 1.18518, 0, 7.11111
t, 0, -1, 0.279078, 0, -0, 0, 0.841802, -0, -0, -0, 0.841802, 1.18518, 0, 7.11111
t, 0, -1, 0.279078, 0, -0, 0, 0.841802, -0, -0, -0, 0.841802, 1.18518, 0, 7.11111
t, 0, -1, 0.279078, 0, -0, 0, 0.841802, -0, -0, -0, 0.841802, 1.18518, 0, 7.11111
t, 0, -1, 0.279078, 0, -0, 0, 0.841802, -0, -0, -0, 0.841802, 1.18518, 0, 7.11111
t, 0, -1, 0.279078, 0, -0, 0, 0.841802, -0, -0, -0, 0.841802, 1.18518, 0, 7.11111
t, 0, -1, 0.279078, 0, -0, 0, 0.841802, -0, -0, -0, 0.841802, 1.18518, 0, 7.11111
t, 0, -1, 0.279078, 0, -0, 0, 0.841802, -0, -0, -0, 0.841802, 1.18518, 0, 7.11111
t, 0, -1, 0.279078, 0, -0, 0, 0.841802, -0, -0, -0, 0.841802, 1.18518, 0, 7.11111
t, 0, -1, 0.279078, 0, -0, 0, 0.841802, -0, -0, -0, 0.841802, 1.18518, 0, 7.11111
t, 0, -1, 0.279078, 0, -0, 0, 0.841802, -0, -0, -0, 0.841802, 1.18518, 0, 7.11111
t, 0, -1, 0.279078, 0, -0, 0, 0.841802, -0, -0, -0, 0.841802, 1.18518, 0, 7.11111
t, 0, -1, 0.279078, 0, -0, 0, 0.841802, -0, -0, -0, 0.841802, 1.18518, 0, 7.11111
t, 0, -1, 0.279078, 0, -0, 0, 0.841802, -0, -0, -0, 0.841802, 1.18518, 0, 7.11111
t, 0, -1, 0.279078, 0, -0, 0, 0.841802, -0, -0, -0, 0.841802, 1.18518, 0, 7.11111
t, 0, -1, 0.279078, 0, -0, 0, 0.841802, -0, -0, -0, 0.841802, 1.18518, 0, 7.11111
t, 0, -1, 0.279078, 0, -0, 0, 0.841802, -0, -0, -0, 0.841802, 1.18518, 0, 7.11111
t, 0, -1, 0.279078, 0, -0, 0, 0.841802, -0, -0, -0, 0.841802, 1.18518, 0, 7.11111
t, 0, -1, 0.279078, 0, -0, 0, 0.841802, -0, -0, -0, 0.841802, 1.18518, 0, 7.11111
t, 0, -1, 0.279078, 0, -0, 0, 0.841802, -0, -0, -0, 0.841802, 1.18518, 0, 7.11111
t, 0, -1, 0.279078, 0, -0, 0, 0.841802, -0, -0, -0, 0.841802, 1.18518, 0, 7.11111
t, 0, -1, 0.279078, 0, -0, 0, 0.841802, -0, -0, -0, 0.841802, 1.18518, 0, 7.11111
t, 0, -1, 0.279078, 0, -0, 0, 0.841802, -0, -0, -0, 0.841802, 1.18518, 0, 7.11111
t, 0, -1, 0.279078, 0, -0, 0, 0.841802, -0, -0, -0, 0.841802, 1.18518, 0, 7.11111
t, 0, -1, 0.279078, 0, -0, 0, 0.841802, -0, -0, -0, 0.841802, 1.18518, 0, 7.11111
t, 0, -1, 0.279078, 0, -0, 0, 0.841802, -0, -0, -0, 0.841802, 1.18518, 0, 7.11111
t, 0, -1, 0.279078, 0, -0, 0, 0.841802, -0, -0, -0, 0.841802, 1.18518, 0, 7.11111
t, 0, -1, 0.279078, 0, -0, 0, 0.841802, -0, -0, -0, 0.841802, 1.18518, 0, 7.11111
t, 0, -1, 0.279078, 0, -0, 0, 0.841802, -0, -0, -0, 0.841802, 1.18518, 0, 7.11111
t, 0, -1, 0.279078, 0, -0, 0, 0.841802, -0, -0, -0, 0.841802, 1.18518, 0, 7.11111
